build/app/intermediates/manifest_merge_blame_file/debug/manifest-merger-blame-debug-report.txt
1<?xml version="1.0" encoding="utf-8"?>
2<manifest xmlns:android="http://schemas.android.com/apk/res/android"
3    package="com.example.trendy_threads"
4    android:versionCode="1"
5    android:versionName="1.0.0" >
6
7    <uses-sdk
8        android:minSdkVersion="21"
9        android:targetSdkVersion="34" />
10    <!--
11         The INTERNET permission is required for development. Specifically,
12         the Flutter tool needs it to communicate with the running application
13         to allow setting breakpoints, to provide hot reload, etc.
14    -->
15    <uses-permission android:name="android.permission.INTERNET" />
15-->src\debug\AndroidManifest.xml:6:5-66
15-->src\debug\AndroidManifest.xml:6:22-64
16    <!--
17     Required to query activities that can process text, see:
18         https://developer.android.com/training/package-visibility and
19         https://developer.android.com/reference/android/content/Intent#ACTION_PROCESS_TEXT.
20
21         In particular, this is used by the Flutter engine in io.flutter.plugin.text.ProcessTextPlugin.
22    -->
23    <queries>
23-->src\main\AndroidManifest.xml:39:5-44:15
24        <intent>
24-->src\main\AndroidManifest.xml:40:9-43:18
25            <action android:name="android.intent.action.PROCESS_TEXT" />
25-->src\main\AndroidManifest.xml:41:13-72
25-->src\main\AndroidManifest.xml:41:21-70
26
27            <data android:mimeType="text/plain" />
27-->src\main\AndroidManifest.xml:42:13-50
27-->src\main\AndroidManifest.xml:42:19-48
28        </intent>
29    </queries>
30
31    <uses-permission android:name="android.permission.ACCESS_NETWORK_STATE" />
31-->[:connectivity_plus] AndroidManifest.xml:7:5-79
31-->[:connectivity_plus] AndroidManifest.xml:7:22-76
32
33    <permission
33-->[androidx.core:core:1.13.1] AndroidManifest.xml:22:5-24:47
34        android:name="com.example.trendy_threads.DYNAMIC_RECEIVER_NOT_EXPORTED_PERMISSION"
34-->[androidx.core:core:1.13.1] AndroidManifest.xml:23:9-81
35        android:protectionLevel="signature" />
35-->[androidx.core:core:1.13.1] AndroidManifest.xml:24:9-44
36
37    <uses-permission android:name="com.example.trendy_threads.DYNAMIC_RECEIVER_NOT_EXPORTED_PERMISSION" />
37-->[androidx.core:core:1.13.1] AndroidManifest.xml:26:5-97
37-->[androidx.core:core:1.13.1] AndroidManifest.xml:26:22-94
38
39    <application
40        android:name="android.app.Application"
41        android:appComponentFactory="androidx.core.app.CoreComponentFactory"
41-->[androidx.core:core:1.13.1] AndroidManifest.xml:28:18-86
42        android:debuggable="true"
43        android:extractNativeLibs="true"
44        android:icon="@mipmap/ic_launcher"
45        android:label="Trendy-Threads" >
46        <activity
47            android:name="com.example.trendy_threads.MainActivity"
48            android:configChanges="orientation|keyboardHidden|keyboard|screenSize|smallestScreenSize|locale|layoutDirection|fontScale|screenLayout|density|uiMode"
49            android:exported="true"
50            android:hardwareAccelerated="true"
51            android:launchMode="singleTop"
52            android:taskAffinity=""
53            android:theme="@style/LaunchTheme"
54            android:windowSoftInputMode="adjustResize" >
55
56            <!--
57                 Specifies an Android theme to apply to this Activity as soon as
58                 the Android process has started. This theme is visible to the user
59                 while the Flutter UI initializes. After that, this theme continues
60                 to determine the Window background behind the Flutter UI.
61            -->
62            <!--
63              <meta-data
64              android:name="io.flutter.embedding.android.NormalTheme"
65              android:resource="@style/NormalTheme"
66              />
67            -->
68            <intent-filter>
69                <action android:name="android.intent.action.MAIN" />
70
71                <category android:name="android.intent.category.LAUNCHER" />
72            </intent-filter>
73        </activity>
74        <!--
75             Don't delete the meta-data below.
76             This is used by the Flutter tool to generate GeneratedPluginRegistrant.java
77        -->
78        <meta-data
79            android:name="flutterEmbedding"
80            android:value="2" />
81
82        <service
82-->[:firebase_core] AndroidManifest.xml:8:9-12:19
83            android:name="com.google.firebase.components.ComponentDiscoveryService"
83-->[:firebase_core] AndroidManifest.xml:8:18-89
84            android:directBootAware="true"
84-->[com.google.firebase:firebase-common:21.0.0] AndroidManifest.xml:32:13-43
85            android:exported="false" >
85-->[com.google.firebase:firebase-common:21.0.0] AndroidManifest.xml:33:13-37
86            <meta-data
86-->[:firebase_core] AndroidManifest.xml:9:13-11:85
87                android:name="com.google.firebase.components:io.flutter.plugins.firebase.core.FlutterFirebaseCoreRegistrar"
87-->[:firebase_core] AndroidManifest.xml:10:17-124
88                android:value="com.google.firebase.components.ComponentRegistrar" />
88-->[:firebase_core] AndroidManifest.xml:11:17-82
89            <meta-data
89-->[com.google.firebase:firebase-common:21.0.0] AndroidManifest.xml:35:13-37:85
90                android:name="com.google.firebase.components:com.google.firebase.FirebaseCommonKtxRegistrar"
90-->[com.google.firebase:firebase-common:21.0.0] AndroidManifest.xml:36:17-109
91                android:value="com.google.firebase.components.ComponentRegistrar" />
91-->[com.google.firebase:firebase-common:21.0.0] AndroidManifest.xml:37:17-82
92        </service>
93
94        <activity
94-->[:url_launcher_android] AndroidManifest.xml:8:9-11:74
95            android:name="io.flutter.plugins.urllauncher.WebViewActivity"
95-->[:url_launcher_android] AndroidManifest.xml:9:13-74
96            android:exported="false"
96-->[:url_launcher_android] AndroidManifest.xml:10:13-37
97            android:theme="@android:style/Theme.NoTitleBar.Fullscreen" />
97-->[:url_launcher_android] AndroidManifest.xml:11:13-71
98
99        <uses-library
99-->[androidx.window:window:1.2.0] AndroidManifest.xml:23:9-25:40
100            android:name="androidx.window.extensions"
100-->[androidx.window:window:1.2.0] AndroidManifest.xml:24:13-54
101            android:required="false" />
101-->[androidx.window:window:1.2.0] AndroidManifest.xml:25:13-37
102        <uses-library
102-->[androidx.window:window:1.2.0] AndroidManifest.xml:26:9-28:40
103            android:name="androidx.window.sidecar"
103-->[androidx.window:window:1.2.0] AndroidManifest.xml:27:13-51
104            android:required="false" />
104-->[androidx.window:window:1.2.0] AndroidManifest.xml:28:13-37
105
106        <provider
106-->[com.google.firebase:firebase-common:21.0.0] AndroidManifest.xml:23:9-28:39
107            android:name="com.google.firebase.provider.FirebaseInitProvider"
107-->[com.google.firebase:firebase-common:21.0.0] AndroidManifest.xml:24:13-77
108            android:authorities="com.example.trendy_threads.firebaseinitprovider"
108-->[com.google.firebase:firebase-common:21.0.0] AndroidManifest.xml:25:13-72
109            android:directBootAware="true"
109-->[com.google.firebase:firebase-common:21.0.0] AndroidManifest.xml:26:13-43
110            android:exported="false"
110-->[com.google.firebase:firebase-common:21.0.0] AndroidManifest.xml:27:13-37
111            android:initOrder="100" />
111-->[com.google.firebase:firebase-common:21.0.0] AndroidManifest.xml:28:13-36
112        <provider
112-->[androidx.lifecycle:lifecycle-process:2.7.0] AndroidManifest.xml:24:9-32:20
113            android:name="androidx.startup.InitializationProvider"
113-->[androidx.lifecycle:lifecycle-process:2.7.0] AndroidManifest.xml:25:13-67
114            android:authorities="com.example.trendy_threads.androidx-startup"
114-->[androidx.lifecycle:lifecycle-process:2.7.0] AndroidManifest.xml:26:13-68
115            android:exported="false" >
115-->[androidx.lifecycle:lifecycle-process:2.7.0] AndroidManifest.xml:27:13-37
116            <meta-data
116-->[androidx.lifecycle:lifecycle-process:2.7.0] AndroidManifest.xml:29:13-31:52
117                android:name="androidx.lifecycle.ProcessLifecycleInitializer"
117-->[androidx.lifecycle:lifecycle-process:2.7.0] AndroidManifest.xml:30:17-78
118                android:value="androidx.startup" />
118-->[androidx.lifecycle:lifecycle-process:2.7.0] AndroidManifest.xml:31:17-49
119            <meta-data
119-->[androidx.profileinstaller:profileinstaller:1.3.1] AndroidManifest.xml:29:13-31:52
120                android:name="androidx.profileinstaller.ProfileInstallerInitializer"
120-->[androidx.profileinstaller:profileinstaller:1.3.1] AndroidManifest.xml:30:17-85
121                android:value="androidx.startup" />
121-->[androidx.profileinstaller:profileinstaller:1.3.1] AndroidManifest.xml:31:17-49
122        </provider>
123
124        <meta-data
124-->[com.google.android.gms:play-services-basement:18.3.0] AndroidManifest.xml:21:9-23:69
125            android:name="com.google.android.gms.version"
125-->[com.google.android.gms:play-services-basement:18.3.0] AndroidManifest.xml:22:13-58
126            android:value="@integer/google_play_services_version" />
126-->[com.google.android.gms:play-services-basement:18.3.0] AndroidManifest.xml:23:13-66
127
128        <receiver
128-->[androidx.profileinstaller:profileinstaller:1.3.1] AndroidManifest.xml:34:9-52:20
129            android:name="androidx.profileinstaller.ProfileInstallReceiver"
129-->[androidx.profileinstaller:profileinstaller:1.3.1] AndroidManifest.xml:35:13-76
130            android:directBootAware="false"
130-->[androidx.profileinstaller:profileinstaller:1.3.1] AndroidManifest.xml:36:13-44
131            android:enabled="true"
131-->[androidx.profileinstaller:profileinstaller:1.3.1] AndroidManifest.xml:37:13-35
132            android:exported="true"
132-->[androidx.profileinstaller:profileinstaller:1.3.1] AndroidManifest.xml:38:13-36
133            android:permission="android.permission.DUMP" >
133-->[androidx.profileinstaller:profileinstaller:1.3.1] AndroidManifest.xml:39:13-57
134            <intent-filter>
134-->[androidx.profileinstaller:profileinstaller:1.3.1] AndroidManifest.xml:40:13-42:29
135                <action android:name="androidx.profileinstaller.action.INSTALL_PROFILE" />
135-->[androidx.profileinstaller:profileinstaller:1.3.1] AndroidManifest.xml:41:17-91
135-->[androidx.profileinstaller:profileinstaller:1.3.1] AndroidManifest.xml:41:25-88
136            </intent-filter>
137            <intent-filter>
137-->[androidx.profileinstaller:profileinstaller:1.3.1] AndroidManifest.xml:43:13-45:29
138                <action android:name="androidx.profileinstaller.action.SKIP_FILE" />
138-->[androidx.profileinstaller:profileinstaller:1.3.1] AndroidManifest.xml:44:17-85
138-->[androidx.profileinstaller:profileinstaller:1.3.1] AndroidManifest.xml:44:25-82
139            </intent-filter>
140            <intent-filter>
140-->[androidx.profileinstaller:profileinstaller:1.3.1] AndroidManifest.xml:46:13-48:29
141                <action android:name="androidx.profileinstaller.action.SAVE_PROFILE" />
141-->[androidx.profileinstaller:profileinstaller:1.3.1] AndroidManifest.xml:47:17-88
141-->[androidx.profileinstaller:profileinstaller:1.3.1] AndroidManifest.xml:47:25-85
142            </intent-filter>
143            <intent-filter>
143-->[androidx.profileinstaller:profileinstaller:1.3.1] AndroidManifest.xml:49:13-51:29
144                <action android:name="androidx.profileinstaller.action.BENCHMARK_OPERATION" />
144-->[androidx.profileinstaller:profileinstaller:1.3.1] AndroidManifest.xml:50:17-95
144-->[androidx.profileinstaller:profileinstaller:1.3.1] AndroidManifest.xml:50:25-92
145            </intent-filter>
146        </receiver>
147    </application>
148
149</manifest>